0 info it worked if it ends with ok
1 verbose cli [ '/usr/local/bin/iojs', '/usr/local/bin/npm', 'run', 'db' ]
2 info using npm@2.5.1
3 info using node@v1.3.0
4 verbose run-script [ 'predb', 'db', 'postdb' ]
5 info predb Portfolio@0.0.1
6 info db Portfolio@0.0.1
7 verbose unsafe-perm in lifecycle true
8 info Portfolio@0.0.1 Failed to exec db script
9 verbose stack Error: Portfolio@0.0.1 db: `mongod --dbpath data/`
9 verbose stack Exit status 100
9 verbose stack     at EventEmitter.<anonymous> (/usr/local/lib/node_modules/npm/lib/utils/lifecycle.js:213:16)
9 verbose stack     at emitTwo (events.js:87:13)
9 verbose stack     at EventEmitter.emit (events.js:169:7)
9 verbose stack     at ChildProcess.<anonymous> (/usr/local/lib/node_modules/npm/lib/utils/spawn.js:14:12)
9 verbose stack     at emitTwo (events.js:87:13)
9 verbose stack     at ChildProcess.emit (events.js:169:7)
9 verbose stack     at maybeClose (child_process.js:984:16)
9 verbose stack     at Process.ChildProcess._handle.onexit (child_process.js:1057:5)
10 verbose pkgid Portfolio@0.0.1
11 verbose cwd /Users/oliver/Development/Portfolio
12 error Darwin 14.1.0
13 error argv "/usr/local/bin/iojs" "/usr/local/bin/npm" "run" "db"
14 error node v1.3.0
15 error npm  v2.5.1
16 error code ELIFECYCLE
17 error Portfolio@0.0.1 db: `mongod --dbpath data/`
17 error Exit status 100
18 error Failed at the Portfolio@0.0.1 db script 'mongod --dbpath data/'.
18 error This is most likely a problem with the Portfolio package,
18 error not with npm itself.
18 error Tell the author that this fails on your system:
18 error     mongod --dbpath data/
18 error You can get their info via:
18 error     npm owner ls Portfolio
18 error There is likely additional logging output above.
19 verbose exit [ 1, true ]
